<?xml version="1.0" encoding="UTF-8"?>
<!-- Generated by org.testng.reporters.JUnitXMLReporter -->
<testsuite hostname="DESKTOP-3EINJNF" ignored="0" name="Default test" tests="4" failures="0" timestamp="2020-07-07T12:38:37 BST" time="85.101" errors="0">
  <testcase name="startgrid" time="15.015" classname="DockerBatchFiles.Setup_DockerGrid"/>
  <testcase name="Scaleupgrid" time="50.01" classname="DockerBatchFiles.Setup_DockerGrid"/>
  <testcase name="stopgrid" time="15.01" classname="DockerBatchFiles.Setup_DockerGrid"/>
  <testcase name="CloseCommandPrompts" time="5.01" classname="DockerBatchFiles.Setup_DockerGrid"/>
</testsuite> <!-- Default test -->
