<?xml version="1.0" encoding="UTF-8"?>
<!-- Generated by org.testng.reporters.JUnitXMLReporter -->
<testsuite hostname="DESKTOP-3EINJNF" ignored="0" name="Test" tests="6" failures="0" timestamp="2020-07-07T13:40:07 BST" time="100.625" errors="0">
  <testcase name="TestOne" time="16.139" classname="SeleniumGrid.Test3_ch"/>
  <testcase name="TestOne" time="18.397" classname="SeleniumGrid.Test2_ch"/>
  <testcase name="TestOne" time="19.395" classname="SeleniumGrid.Test1_ch"/>
  <testcase name="Docker_Firefox_Test" time="28.264" classname="SeleniumGrid.Test12_ff2"/>
  <testcase name="Docker_Firefox_Test" time="31.591" classname="SeleniumGrid.Test11_ff"/>
  <testcase name="Docker_Firefox_Test" time="24.396" classname="SeleniumGrid.Test13_ff3"/>
</testsuite> <!-- Test -->
